C251 COMPILER V5.60.0,  LCD12864                                                           20/04/24  12:20:35  PAGE 1   


C251 COMPILER V5.60.0, COMPILATION OF MODULE LCD12864
OBJECT MODULE PLACED IN .\Objects\LCD12864.obj
COMPILER INVOKED BY: D:\Keil_v5\C251\BIN\C251.EXE ..\Driver\LCD12864.c INTR2 BROWSE INCDIR(..\Driver) DEBUG PRINT(.\List
                    -ings\LCD12864.lst) TABS(2) OBJECT(.\Objects\LCD12864.obj) 

stmt  level    source

    1          #include <LCD12864.h>
    2          #include <intrins.h>
    3          sbit RS = P3 ^ 0;
    4          sbit RW = P3 ^ 1;
    5          sbit E = P3 ^ 2;
    6          void Delay100us(unsigned char time) //@12.000MHz
    7          {
    8   1        unsigned long edata i;
    9   1        while(time--)
   10   1        {
   11   2          _nop_();
   12   2          _nop_();
   13   2          _nop_();
   14   2          i = 298UL;
   15   2          while (i) i--;
   16   2        }
   17   1      }
   18          bit LCD_is_Busy()
   19          {
   20   1        unsigned char i = 0;
   21   1        RS = RW = 1;
   22   1        E = 0;
   23   1        Delay100us(1);
   24   1        RS = 0;
   25   1        Delay100us(1);
   26   1        E = 1;
   27   1        Delay100us(1);
   28   1        while((P1 & 0x80) == 0x80)
   29   1        {
   30   2          i++;
   31   2          if(i > 100)
   32   2          {
   33   3            E = 0;
   34   3            return 0;
   35   3          }
   36   2        }
   37   1        Delay100us(50);
   38   1        E = 0;
   39   1        Delay100us(1);
   40   1        RS = 1;
   41   1        Delay100us(1);
   42   1        return 1;
   43   1      }
   44          void LCD_Write_cmd(unsigned char dat)
   45          {
   46   1        unsigned char i;
   47   1        i = 0;
   48   1        while(LCD_is_Busy() == 0)
   49   1        {
   50   2          Delay100us(10);
   51   2          i++;
   52   2          if( i>100)
   53   2          {
   54   3            return;     //超过等待退出
   55   3          }  
   56   2        }
   57   1        RS = RW = 1;
   58   1        E = 0;
C251 COMPILER V5.60.0,  LCD12864                                                           20/04/24  12:20:35  PAGE 2   

   59   1        Delay100us(1);
   60   1        RS = RW = 0;
   61   1        Delay100us(1);
   62   1        E = 1;
   63   1        Delay100us(1);
   64   1        P1 = dat;
   65   1        Delay100us(50);
   66   1        E = 0;
   67   1        Delay100us(1);
   68   1        RS = RW = 1;
   69   1        Delay100us(1);
   70   1      }
   71          
   72          void LCD_Write_dat(unsigned char dat)
   73          {
   74   1        unsigned char i;
   75   1        i = 0;
   76   1        while(LCD_is_Busy() == 0)
   77   1        {
   78   2          Delay100us(10);
   79   2          i++;
   80   2          if( i>100)
   81   2          {
   82   3            return;     //超过等待退出
   83   3          }  
   84   2        }
   85   1        RS = RW = 1;
   86   1        E = 0;
   87   1        Delay100us(1);
   88   1        RW = 0;
   89   1        Delay100us(1);
   90   1        E = 1;
   91   1        Delay100us(1);
   92   1        P1 = dat;
   93   1        Delay100us(50);
   94   1        E = 0;
   95   1        Delay100us(1);
   96   1        RW = 1;
   97   1        Delay100us(1);
   98   1      }
   99          
  100          
  101          void LCD12864_Init()
  102          {
  103   1        LCD_Write_cmd(0x30);  //选择基本指令操作
  104   1        LCD_Write_cmd(0x0c);  //显示开，关光标
  105   1        LCD_Write_cmd(0x01);  //清除LCD12864的显示内容
  106   1      }
  107          
  108          
  109          void LCD12864_SetWindow(unsigned char x, unsigned char y,unsigned char *word)
  110          {
  111   1        unsigned char pos;
  112   1        unsigned char i=y;
  113   1        if(x == 0)     // 第一行的地址是80H
  114   1        {
  115   2          x = 0x80;
  116   2        }    
  117   1        else if(x == 1)  //第二行的地址是90H
  118   1        {
  119   2          x = 0x90;  
  120   2        }  
  121   1        else if(x == 2)  //第三行的地址是88H
  122   1        {
  123   2          x = 0x88;
  124   2        }  
C251 COMPILER V5.60.0,  LCD12864                                                           20/04/24  12:20:35  PAGE 3   

  125   1        else if(x == 3)  //第三行的地址是98H
  126   1        {
  127   2          x = 0x98;
  128   2        }  
  129   1        pos = x + y;
  130   1        LCD_Write_cmd(pos);  
  131   1        while(word[i]!='\0')
  132   1        {
  133   2          if(i<16)    //判断是否在本行的显示范围内
  134   2          {
  135   3            LCD_Write_dat(word[i]);
  136   3            i++;
  137   3          }  
  138   2         }
  139   1      }


Module Information          Static   Overlayable
------------------------------------------------
  code size            =       343     ------
  ecode size           =    ------     ------
  data size            =    ------     ------
  idata size           =    ------     ------
  pdata size           =    ------     ------
  xdata size           =    ------     ------
  xdata-const size     =    ------     ------
  edata size           =    ------     ------
  bit size             =    ------     ------
  ebit size            =    ------     ------
  bitaddressable size  =    ------     ------
  ebitaddressable size =    ------     ------
  far data size        =    ------     ------
  huge data size       =    ------     ------
  const size           =    ------     ------
  hconst size          =    ------     ------
End of Module Information.


C251 COMPILATION COMPLETE.  0 WARNING(S),  0 ERROR(S)
